Buildfile: C:\data\Project\jhi-development\projects\junit\wsp-junitext\org.junitext\src-jdk14\build.xml
check.3rdParty:
prepare:
    [mkdir] Created dir: C:\data\Project\jhi-development\projects\junit\wsp-junitext\org.junitext\src-jdk14\build
    [unzip] Expanding: C:\data\Project\jhi-development\projects\junit\wsp-junitext\org.junitext\src-jdk14\3rdParty\junit4.2.zip into C:\data\Project\jhi-development\projects\junit\wsp-junitext\org.junitext\src-jdk14\build
    [unzip] Expanding: C:\data\Project\jhi-development\projects\junit\wsp-junitext\org.junitext\src-jdk14\3rdParty\retroweaver-2.0Beta2.zip into C:\data\Project\jhi-development\projects\junit\wsp-junitext\org.junitext\src-jdk14\build
    [mkdir] Created dir: C:\data\Project\jhi-development\projects\junit\wsp-junitext\org.junitext\src-jdk14\build\bin\jdk15
    [mkdir] Created dir: C:\data\Project\jhi-development\projects\junit\wsp-junitext\org.junitext\src-jdk14\build\bin\weaved
compile:
    [javac] Compiling 4 source files to C:\data\Project\jhi-development\projects\junit\wsp-junitext\org.junitext\src-jdk14\build\bin\jdk15
    [javac] Compiling 87 source files to C:\data\Project\jhi-development\projects\junit\wsp-junitext\org.junitext\src-jdk14\build\bin\jdk15
weave:
    [mkdir] Created dir: C:\data\Project\jhi-development\projects\junit\wsp-junitext\org.junitext\src-jdk14\build\bin\weaved\p1
[retroweaver] Processing 263 classe(s)
[retroweaver] 263 classe(s) weaved.
[retroweaver] Processing 98 classe(s)
[retroweaver] 98 classe(s) weaved.
test:
     [echo] Calling NOT weaved with JDK 1.5
     [java] C1: Hello World
     [java] C2: Hello World
     [java] C3: m
     [java] C4: @p1.C4$MyAnnotation(value=Hello World)m
     [java] .........................................
     [java] .........................................
     [java] ....................
     [java] Time: 2,003
     [java] OK (102 tests)
     [java] JUnit version 4.2
     [java] ..................................................................................................................................................................................................................................................I..................................
     [java] Time: 7,692
     [java] OK (276 tests)
     [echo] Calling weaved with JDK 1.5
     [java] C1: Hello World
     [java] C2: Hello World
     [java] C3: m
     [java] C4: @p1.C4$MyAnnotation(value=Hello World)m
     [java] .........................................
     [java] .........................................
     [java] ....................
     [java] Time: 1,272
     [java] OK (102 tests)
     [java] JUnit version 4.2
     [java] .E
     [java] Time: 0,01
     [java] There was 1 failure:
     [java] 1) initializationError0(org.junit.tests.AllTests)
     [java] java.lang.NullPointerException
     [java] at net.sourceforge.retroweaver.runtime.java.lang.annotation.AIB.getMethodAnnotation(AIB.java:175)
     [java] at net.sourceforge.retroweaver.runtime.java.lang.reflect.Method_.getAnnotation(Method_.java:35)
     [java] at org.junit.internal.runners.TestIntrospector.getTestMethods(TestIntrospector.java:28)
     [java] at org.junit.internal.runners.MethodValidator.validateTestMethods(MethodValidator.java:61)
     [java] at org.junit.internal.runners.MethodValidator.validateStaticMethods(MethodValidator.java:34)
     [java] at org.junit.internal.runners.MethodValidator.validateAllMethods(MethodValidator.java:41)
     [java] at org.junit.internal.runners.TestClassRunner.validate(TestClassRunner.java:33)
     [java] at org.junit.internal.runners.TestClassRunner.<init>(TestClassRunner.java:27)
     [java] at org.junit.runners.Suite.<init>(Suite.java:50)
     [java] at org.junit.runners.Suite.<init>(Suite.java:36)
     [java] at sun.reflect.NativeConstructorAccessorImpl.newInstance0(Native Method)
     [java] at sun.reflect.NativeConstructorAccessorImpl.newInstance(NativeConstructorAccessorImpl.java:39)
     [java] at sun.reflect.DelegatingConstructorAccessorImpl.newInstance(DelegatingConstructorAccessorImpl.java:27)
     [java] at java.lang.reflect.Constructor.newInstance(Constructor.java:494)
     [java] at org.junit.internal.requests.ClassRequest.getRunner(ClassRequest.java:23)
     [java] at org.junit.internal.requests.ClassesRequest.getRunner(ClassesRequest.java:21)
     [java] at org.junit.runner.JUnitCore.run(JUnitCore.java:109)
     [java] at org.junit.runner.JUnitCore.run(JUnitCore.java:100)
     [java] at org.junit.runner.JUnitCore.runMain(JUnitCore.java:81)
     [java] at org.junit.runner.JUnitCore.main(JUnitCore.java:44)
     [java] FAILURES!!!
     [java] Tests run: 1,  Failures: 1
     [java] Java Result: 1
     [echo] Calling weaved with JDK 1.4
     [java] C1: Hello World
     [java] C2: Hello World
     [java] C3: m
     [java] C4: @p1.C4$MyAnnotation(value=Hello World)m
     [java] .........................................
     [java] .........................................
     [java] ....................
     [java] Time: 1,933
     [java] OK (102 tests)
     [java] JUnit version 4.2
     [java] java.lang.NoSuchMethodError: java.lang.String.format(Ljava/lang/String;[Ljava/lang/Object;)Ljava/lang/String;
     [java] at org.junit.runner.Description.createTestDescription(Description.java:42)
     [java] at org.junit.internal.requests.ErrorReportingRequest.getRunner(ErrorReportingRequest.java:29)
     [java] at org.junit.internal.requests.ClassRequest.getRunner(ClassRequest.java:27)
     [java] at org.junit.internal.requests.ClassesRequest.getRunner(ClassesRequest.java:21)
     [java] at org.junit.runner.JUnitCore.run(JUnitCore.java:109)
     [java] at org.junit.runner.JUnitCore.run(JUnitCore.java:100)
     [java] at org.junit.runner.JUnitCore.runMain(JUnitCore.java:81)
     [java] at org.junit.runner.JUnitCore.main(JUnitCore.java:44)
     [java] Exception in thread "main"
     [java] Java Result: 1
BUILD SUCCESSFUL
Total time: 2 minutes 41 seconds
